<?xml version="1.0" encoding="UTF-8"?>
<!-- Generated by org.testng.reporters.JUnitReportReporter -->
<testsuite hostname="CAITPAY-WL0187" failures="0" tests="1" name="com.ForSale.testcases.HomeScreenTest" time="26.098" errors="0" timestamp="2023-01-01T21:21:31 EET" skipped="0">
  <testcase classname="com.ForSale.testcases.HomeScreenTest" name="TestCase_ClickPostAnAd" time="26.098"/>
  <system-out/>
</testsuite> <!-- com.ForSale.testcases.HomeScreenTest -->
