<?xml version="1.0" encoding="UTF-8"?>
<!-- Generated by org.testng.reporters.JUnitReportReporter -->
<testsuite hostname="CAITPAY-WL0187" failures="0" tests="2" name="com.ForSale.testcases.PostanadScreenTest" time="23.893" errors="0" timestamp="2023-01-01T21:21:31 EET" skipped="0">
  <testcase classname="com.ForSale.testcases.PostanadScreenTest" name="TestCase_DisplayRequiredDataMessage" time="8.143"/>
  <system-out/>
  <testcase classname="com.ForSale.testcases.PostanadScreenTest" name="TestCase_ResumeAdDetails" time="15.750"/>
  <system-out/>
</testsuite> <!-- com.ForSale.testcases.PostanadScreenTest -->
